This is LuaTeX, Version 1.15.0 (TeX Live 2022/Arch Linux)  (format=luatex 2022.11.5)  11 JAN 2023 19:07
 restricted system commands enabled.
**.
(/usr/share/texmf-dist/tex/latex/tools/.tex
! Interruption.
l.2 
  %% This is file `.tex',
? 
File ignored)
*Lq

*
! Interruption.
<*> 
 
? 
(Please type a command or say `\end')
*
(Please type a command or say `\end')
*
! Interruption.
<*> 
 
? \end
Type <return> to proceed, S to scroll future error messages,
R to run without stopping, Q to run quietly,
I to insert something, 
H for help, X to quit.
? X

warning  (pdf backend): no pages of output.

PDF statistics: 0 PDF objects out of 1000 (max. 8388607)
 0 named destinations out of 1000 (max. 131072)
 1 words of extra memory for PDF output out of 10000 (max. 100000000)

